-------------------------------------------------------------------------------
Test set: Starter.TestSuite
-------------------------------------------------------------------------------
Tests run: 1, Failures: 0, Errors: 1, Skipped: 0, Time elapsed: 1.143 s <<< FAILURE! - in Starter.TestSuite
Starter.TestSuite  Time elapsed: 1.142 s  <<< ERROR!
cucumber.runtime.DuplicateStepDefinitionException: Duplicate step definitions in Starter.Daftar.Register.register.i_click_buttons(String) in file:/D:/Otnam/Alterra/Rentz_API/target/test-classes/ and Starter.Daftar.Register.registerFail_1.i_click_buttons(String) in file:/D:/Otnam/Alterra/Rentz_API/target/test-classes/

